
----- EMAIL 2026-06-11T10:59:26.769080 -----
To: employee@bank.lk
Subject: Circular Hub — Password Reset

Hello Branch Employee,

Use the link below to reset your password (valid for 30 minutes):
http://localhost:5173/reset-password?token=eyJ1aWQiOjN9.aiqVDg.ehHr0t4AGVSlWf9cgfpCcfIs0qQ

If you did not request this, you can ignore this email.

----- EMAIL 2026-06-11T10:59:48.741542 -----
To: tharindu@bank.lk
Subject: Circular Hub — Password Reset

Hello Tharindu Perera,

Use the link below to reset your password (valid for 30 minutes):
http://localhost:5173/reset-password?token=eyJ1aWQiOjR9.aiqVJA.7B1otfUgSQLFGjVaiZj188mvSvM

If you did not request this, you can ignore this email.

----- EMAIL 2026-06-11T11:10:26.165261 -----
To: employee@bank.lk
Subject: Circular Hub — Password Reset

Hello Branch Employee,

Use the link below to reset your password (valid for 30 minutes):
http://localhost:5173/reset-password?token=eyJ1aWQiOjN9.aiqXog.mX02_Ab64VyJqefqBPpBCGnL2RA

If you did not request this, you can ignore this email.

----- EMAIL 2026-06-11T11:56:32.137230 -----
To: manager@bank.lk
Subject: New Circular 07/2024: Enhanced CDD and AML Controls

Dear Compliance Manager,

A new circular has been published.

Summary:
All licensed commercial banks are directed to strengthen their anti-money laundering and customer due diligence procedures with immediate effect. Banks shall conduct enhanced due diligence for all customer accounts where the aggregate monthly transaction value exceeds Rs. 5,000,000. Every bank must verify the source of funds and the beneficial ownership of such accounts before processing high-value transactions. Suspicious transaction reports shall be filed with the Financial Intelligence Unit within twenty-four hours of detection.

Please acknowledge by soon.

----- EMAIL 2026-06-11T11:56:32.144454 -----
To: employee@bank.lk
Subject: New Circular 07/2024: Enhanced CDD and AML Controls

Dear Branch Employee,

A new circular has been published.

Summary:
All licensed commercial banks are directed to strengthen their anti-money laundering and customer due diligence procedures with immediate effect. Banks shall conduct enhanced due diligence for all customer accounts where the aggregate monthly transaction value exceeds Rs. 5,000,000. Every bank must verify the source of funds and the beneficial ownership of such accounts before processing high-value transactions. Suspicious transaction reports shall be filed with the Financial Intelligence Unit within twenty-four hours of detection.

Please acknowledge by soon.

----- EMAIL 2026-06-11T11:56:32.160358 -----
To: tharindu@bank.lk
Subject: New Circular 07/2024: Enhanced CDD and AML Controls

Dear Tharindu Perera,

A new circular has been published.

Summary:
All licensed commercial banks are directed to strengthen their anti-money laundering and customer due diligence procedures with immediate effect. Banks shall conduct enhanced due diligence for all customer accounts where the aggregate monthly transaction value exceeds Rs. 5,000,000. Every bank must verify the source of funds and the beneficial ownership of such accounts before processing high-value transactions. Suspicious transaction reports shall be filed with the Financial Intelligence Unit within twenty-four hours of detection.

Please acknowledge by soon.

----- EMAIL 2026-06-11T11:56:54.515630 -----
To: manager@bank.lk
Subject: Reminder: acknowledge Circular 07/2024

Dear Compliance Manager,

This is a reminder to acknowledge circular 07/2024 (Enhanced CDD and AML Controls).

----- EMAIL 2026-06-11T11:56:54.515630 -----
To: employee@bank.lk
Subject: Reminder: acknowledge Circular 07/2024

Dear Branch Employee,

This is a reminder to acknowledge circular 07/2024 (Enhanced CDD and AML Controls).

----- EMAIL 2026-06-11T11:56:54.529746 -----
To: tharindu@bank.lk
Subject: Reminder: acknowledge Circular 07/2024

Dear Tharindu Perera,

This is a reminder to acknowledge circular 07/2024 (Enhanced CDD and AML Controls).

----- EMAIL 2026-06-11T15:37:56.227398 -----
To: manager@bank.lk
Subject: New Circular 32/2017: PERSONAL FOREIGN CURRENCY ACCOUNT (PFCA)

Dear Compliance Manager,

A new circular has been published.

Summary:
Non-nationals either on temporary visit to Sri Lanka or intending to visit Sri Lanka are not eligible to open and maintain PFCAs as joint accounts with another eligible person. In the event of PFCA is to be opened in the name of a minor, who is a Sri Lankan national or of Sri Lankaan origin and residing outside Sri Lanka, such accounts shall be opened by crediting remittances in foreign exchange received from their parents or guardians.

Please acknowledge by 12 Jun 2026.

----- EMAIL 2026-06-11T15:37:56.247671 -----
To: employee@bank.lk
Subject: New Circular 32/2017: PERSONAL FOREIGN CURRENCY ACCOUNT (PFCA)

Dear Branch Employee,

A new circular has been published.

Summary:
Non-nationals either on temporary visit to Sri Lanka or intending to visit Sri Lanka are not eligible to open and maintain PFCAs as joint accounts with another eligible person. In the event of PFCA is to be opened in the name of a minor, who is a Sri Lankan national or of Sri Lankaan origin and residing outside Sri Lanka, such accounts shall be opened by crediting remittances in foreign exchange received from their parents or guardians.

Please acknowledge by 12 Jun 2026.

----- EMAIL 2026-06-11T15:37:56.266980 -----
To: tharindu@bank.lk
Subject: New Circular 32/2017: PERSONAL FOREIGN CURRENCY ACCOUNT (PFCA)

Dear Tharindu Perera,

A new circular has been published.

Summary:
Non-nationals either on temporary visit to Sri Lanka or intending to visit Sri Lanka are not eligible to open and maintain PFCAs as joint accounts with another eligible person. In the event of PFCA is to be opened in the name of a minor, who is a Sri Lankan national or of Sri Lankaan origin and residing outside Sri Lanka, such accounts shall be opened by crediting remittances in foreign exchange received from their parents or guardians.

Please acknowledge by 12 Jun 2026.

----- EMAIL 2026-06-12T08:49:49.501479 -----
To: manager@bank.lk
Subject: New Circular 65/2025: Human Resource Poticy on Remote Wcrk

Dear Compliance Manager,

A new circular has been published.

Summary:
Remote Work Agreement: A written Agreement entered into by and between the Employee/ Remote Worker and the Employer / Management of the Bank. Approved Remote Work Location (RWL): A place where employees will be authorized to carry out their official duties away from the Primary Work Location, subject to approval of the Management. Remote Worker shall be required to set up / designate a workspace rry,ithin the remote work lo Eation for placement and installation of equipment.

Please acknowledge by 19 Jun 2026.

----- EMAIL 2026-06-12T08:49:49.509733 -----
To: tharindu@bank.lk
Subject: New Circular 65/2025: Human Resource Poticy on Remote Wcrk

Dear Tharindu Perera,

A new circular has been published.

Summary:
Remote Work Agreement: A written Agreement entered into by and between the Employee/ Remote Worker and the Employer / Management of the Bank. Approved Remote Work Location (RWL): A place where employees will be authorized to carry out their official duties away from the Primary Work Location, subject to approval of the Management. Remote Worker shall be required to set up / designate a workspace rry,ithin the remote work lo Eation for placement and installation of equipment.

Please acknowledge by 19 Jun 2026.

----- EMAIL 2026-06-12T09:20:09.915336 -----
To: manager@bank.lk
Subject: New Circular 65/2025: Human Resource Poticy on Remote Wcrk

Dear Compliance Manager,

A new circular has been published.

Summary:
Remote Work Agreement: A written Agreement entered into by and between the Employee/ Remote Worker and the Employer / Management of the Bank. Approved Remote Work Location (RWL): A place where employees will be authorized to carry out their official duties away from the Primary Work Location, subject to approval of the Management. Remote Worker shall be required to set up / designate a workspace rry,ithin the remote work lo Eation for placement and installation of equipment.

Please acknowledge by 19 Jun 2026.

----- EMAIL 2026-06-12T09:20:09.932417 -----
To: employee@bank.lk
Subject: New Circular 65/2025: Human Resource Poticy on Remote Wcrk

Dear Branch Employee,

A new circular has been published.

Summary:
Remote Work Agreement: A written Agreement entered into by and between the Employee/ Remote Worker and the Employer / Management of the Bank. Approved Remote Work Location (RWL): A place where employees will be authorized to carry out their official duties away from the Primary Work Location, subject to approval of the Management. Remote Worker shall be required to set up / designate a workspace rry,ithin the remote work lo Eation for placement and installation of equipment.

Please acknowledge by 19 Jun 2026.

----- EMAIL 2026-06-12T09:20:09.940253 -----
To: tharindu@bank.lk
Subject: New Circular 65/2025: Human Resource Poticy on Remote Wcrk

Dear Tharindu Perera,

A new circular has been published.

Summary:
Remote Work Agreement: A written Agreement entered into by and between the Employee/ Remote Worker and the Employer / Management of the Bank. Approved Remote Work Location (RWL): A place where employees will be authorized to carry out their official duties away from the Primary Work Location, subject to approval of the Management. Remote Worker shall be required to set up / designate a workspace rry,ithin the remote work lo Eation for placement and installation of equipment.

Please acknowledge by 19 Jun 2026.

----- EMAIL 2026-06-12T09:39:39.493103 -----
To: manager@bank.lk
Subject: New Circular 16/2026: Role of the Branches in Credit Card Recovery.

Dear Compliance Manager,

A new circular has been published.

Summary:
Branch Managers should pay special attention to the credit card status, when new loan facilities, or restructuring/rescheduling of existing facilitie s, ar e considere d for their customer s. The funds withheld for card recovery with the remark " cr. card Np A ', should not be released by the branches at the request of the customer without referring the recovery unit of the BOC Card Centre. The branch recovery officer should pay attention to. the recovery , of credit card minimum due amount too.

Please acknowledge by 19 Jun 2026.

----- EMAIL 2026-06-12T09:39:39.508242 -----
To: employee@bank.lk
Subject: New Circular 16/2026: Role of the Branches in Credit Card Recovery.

Dear Branch Employee,

A new circular has been published.

Summary:
Branch Managers should pay special attention to the credit card status, when new loan facilities, or restructuring/rescheduling of existing facilitie s, ar e considere d for their customer s. The funds withheld for card recovery with the remark " cr. card Np A ', should not be released by the branches at the request of the customer without referring the recovery unit of the BOC Card Centre. The branch recovery officer should pay attention to. the recovery , of credit card minimum due amount too.

Please acknowledge by 19 Jun 2026.

----- EMAIL 2026-06-12T09:39:39.522829 -----
To: tharindu@bank.lk
Subject: New Circular 16/2026: Role of the Branches in Credit Card Recovery.

Dear Tharindu Perera,

A new circular has been published.

Summary:
Branch Managers should pay special attention to the credit card status, when new loan facilities, or restructuring/rescheduling of existing facilitie s, ar e considere d for their customer s. The funds withheld for card recovery with the remark " cr. card Np A ', should not be released by the branches at the request of the customer without referring the recovery unit of the BOC Card Centre. The branch recovery officer should pay attention to. the recovery , of credit card minimum due amount too.

Please acknowledge by 19 Jun 2026.

----- EMAIL 2026-07-07T06:13:50.321341 -----
To: manager@bank.lk
Subject: New Circular 65/2025: Human Resource Policy on Remote Work

Dear Compliance Manager,

A new circular has been published.

Summary:
The Board of Directors of the Bank has approved the revised Human Resource Policy on Remote Work as per the attached Annexure I, with effect from 14th July 2025. All employees are strictly advised to adhere to the Human Resource policy with regard to their official duties and responsibilities. This Policy is formulated in line with the provisions of all relevant labour laws applicable for Bank of Ceylon. It is a set of guidelines and procedures that outline how the Bank will handle employees working remotely, either from home or other locations outside the office.

The Bank reserves the sole discretion to approve or refuse an application for Remote Work Facility. Agreement shall detail the terms attached to the remote work to be carried out by the employee, special benefits during remote work (if applicable), the supervision and other responsibilities of the Supervisor / Head of the Department. Remote Workers agree to be accessible and available to be contacted by the management, customers and other relevant stakeholders during the designated working hours.

The Remote Worker shall be governed by the Bank's existing Practices, Rules, Procedures or policies and Collective Agreements (as applicable) governing leave. The remote work location shall be considered as the location of work, to consider for leave, unless agreed otherwise in writing in the Remote Work Agreement. The Remote Worker must ensure that all equipment / tools / software supplied for Remote Working by the Management are exclusively used by the Remote Worker.

Employees will be required to participate at meetings as and when the Management requires them to do so, via any web-based conferencing tool. Matters of serious nature shall be escalated to the top management as per the Bank policies and practices. The Bank shall maintain an online database where it allows Remote Workers to record all hours worked, tasks in a manner an update on the work received, completed / attended to during the course of the day.

The Remote Worker shall indemnify the Bank against any and all claims, demands and liabilities, resulting from or arising in connection with, any injury to persons or damage to property. Failure to comply with this policy may result in disciplinary action being taken against the Remote Worker. All matters related to Remote Work will be administered, monitored and regulated by the Human Resources (HR) Department in consultation with the relevant line management.

Remote Work Approval Checklist: I Yes I No Name: Designation: Signature: Date: To be filled in by the Supervisor / Head of Department/Division: Received the duly completed Remote Work approval checklist. Work arrangement: I Permanent I Temporary I Occasional Duration: From (dd/mm/yyyy) To (dd-mm-yy-yyy) Reason for the request:    Workplace safety, electrical, fire safety, workstation equipment, and related materials.

The Remote Work Administrator must inspect the location and/or ensure all safety measures required are in order. Equipment used for Remote work are password protected. The Remote Worker must adhere towards the same during his employment under Remote Work conditions. Any deviation whatsoever from the guidelines set forth herein may amount to a misconduct on my part and that the Company can institute disciplinary action against me in this regard. I hereby certify that the above requirements have been satisfied in view of enabling remote work to be carried out as requested by me / designated by the Employer.

The Agreement shall commence and be effective from ……………………………. and shall be in force up to a date of termination of the agreement. The EMPLOYEE shall be entitled to commence Remote Work upon obtaining approval for the Remote Workstation. The standards to be maintained by the 'Approved Remote Work Location' shall be as follows. The Remote Worker shall be bound by the terms and conditions relating to maintaining confidentiality of all information concerning the Company.

Please acknowledge by 14 Jul 2026.

----- EMAIL 2026-07-07T06:13:50.349303 -----
To: employee@bank.lk
Subject: New Circular 65/2025: Human Resource Policy on Remote Work

Dear Branch Employee,

A new circular has been published.

Summary:
The Board of Directors of the Bank has approved the revised Human Resource Policy on Remote Work as per the attached Annexure I, with effect from 14th July 2025. All employees are strictly advised to adhere to the Human Resource policy with regard to their official duties and responsibilities. This Policy is formulated in line with the provisions of all relevant labour laws applicable for Bank of Ceylon. It is a set of guidelines and procedures that outline how the Bank will handle employees working remotely, either from home or other locations outside the office.

The Bank reserves the sole discretion to approve or refuse an application for Remote Work Facility. Agreement shall detail the terms attached to the remote work to be carried out by the employee, special benefits during remote work (if applicable), the supervision and other responsibilities of the Supervisor / Head of the Department. Remote Workers agree to be accessible and available to be contacted by the management, customers and other relevant stakeholders during the designated working hours.

The Remote Worker shall be governed by the Bank's existing Practices, Rules, Procedures or policies and Collective Agreements (as applicable) governing leave. The remote work location shall be considered as the location of work, to consider for leave, unless agreed otherwise in writing in the Remote Work Agreement. The Remote Worker must ensure that all equipment / tools / software supplied for Remote Working by the Management are exclusively used by the Remote Worker.

Employees will be required to participate at meetings as and when the Management requires them to do so, via any web-based conferencing tool. Matters of serious nature shall be escalated to the top management as per the Bank policies and practices. The Bank shall maintain an online database where it allows Remote Workers to record all hours worked, tasks in a manner an update on the work received, completed / attended to during the course of the day.

The Remote Worker shall indemnify the Bank against any and all claims, demands and liabilities, resulting from or arising in connection with, any injury to persons or damage to property. Failure to comply with this policy may result in disciplinary action being taken against the Remote Worker. All matters related to Remote Work will be administered, monitored and regulated by the Human Resources (HR) Department in consultation with the relevant line management.

Remote Work Approval Checklist: I Yes I No Name: Designation: Signature: Date: To be filled in by the Supervisor / Head of Department/Division: Received the duly completed Remote Work approval checklist. Work arrangement: I Permanent I Temporary I Occasional Duration: From (dd/mm/yyyy) To (dd-mm-yy-yyy) Reason for the request:    Workplace safety, electrical, fire safety, workstation equipment, and related materials.

The Remote Work Administrator must inspect the location and/or ensure all safety measures required are in order. Equipment used for Remote work are password protected. The Remote Worker must adhere towards the same during his employment under Remote Work conditions. Any deviation whatsoever from the guidelines set forth herein may amount to a misconduct on my part and that the Company can institute disciplinary action against me in this regard. I hereby certify that the above requirements have been satisfied in view of enabling remote work to be carried out as requested by me / designated by the Employer.

The Agreement shall commence and be effective from ……………………………. and shall be in force up to a date of termination of the agreement. The EMPLOYEE shall be entitled to commence Remote Work upon obtaining approval for the Remote Workstation. The standards to be maintained by the 'Approved Remote Work Location' shall be as follows. The Remote Worker shall be bound by the terms and conditions relating to maintaining confidentiality of all information concerning the Company.

Please acknowledge by 14 Jul 2026.

----- EMAIL 2026-07-07T06:13:50.367594 -----
To: tharindu@bank.lk
Subject: New Circular 65/2025: Human Resource Policy on Remote Work

Dear Tharindu Perera,

A new circular has been published.

Summary:
The Board of Directors of the Bank has approved the revised Human Resource Policy on Remote Work as per the attached Annexure I, with effect from 14th July 2025. All employees are strictly advised to adhere to the Human Resource policy with regard to their official duties and responsibilities. This Policy is formulated in line with the provisions of all relevant labour laws applicable for Bank of Ceylon. It is a set of guidelines and procedures that outline how the Bank will handle employees working remotely, either from home or other locations outside the office.

The Bank reserves the sole discretion to approve or refuse an application for Remote Work Facility. Agreement shall detail the terms attached to the remote work to be carried out by the employee, special benefits during remote work (if applicable), the supervision and other responsibilities of the Supervisor / Head of the Department. Remote Workers agree to be accessible and available to be contacted by the management, customers and other relevant stakeholders during the designated working hours.

The Remote Worker shall be governed by the Bank's existing Practices, Rules, Procedures or policies and Collective Agreements (as applicable) governing leave. The remote work location shall be considered as the location of work, to consider for leave, unless agreed otherwise in writing in the Remote Work Agreement. The Remote Worker must ensure that all equipment / tools / software supplied for Remote Working by the Management are exclusively used by the Remote Worker.

Employees will be required to participate at meetings as and when the Management requires them to do so, via any web-based conferencing tool. Matters of serious nature shall be escalated to the top management as per the Bank policies and practices. The Bank shall maintain an online database where it allows Remote Workers to record all hours worked, tasks in a manner an update on the work received, completed / attended to during the course of the day.

The Remote Worker shall indemnify the Bank against any and all claims, demands and liabilities, resulting from or arising in connection with, any injury to persons or damage to property. Failure to comply with this policy may result in disciplinary action being taken against the Remote Worker. All matters related to Remote Work will be administered, monitored and regulated by the Human Resources (HR) Department in consultation with the relevant line management.

Remote Work Approval Checklist: I Yes I No Name: Designation: Signature: Date: To be filled in by the Supervisor / Head of Department/Division: Received the duly completed Remote Work approval checklist. Work arrangement: I Permanent I Temporary I Occasional Duration: From (dd/mm/yyyy) To (dd-mm-yy-yyy) Reason for the request:    Workplace safety, electrical, fire safety, workstation equipment, and related materials.

The Remote Work Administrator must inspect the location and/or ensure all safety measures required are in order. Equipment used for Remote work are password protected. The Remote Worker must adhere towards the same during his employment under Remote Work conditions. Any deviation whatsoever from the guidelines set forth herein may amount to a misconduct on my part and that the Company can institute disciplinary action against me in this regard. I hereby certify that the above requirements have been satisfied in view of enabling remote work to be carried out as requested by me / designated by the Employer.

The Agreement shall commence and be effective from ……………………………. and shall be in force up to a date of termination of the agreement. The EMPLOYEE shall be entitled to commence Remote Work upon obtaining approval for the Remote Workstation. The standards to be maintained by the 'Approved Remote Work Location' shall be as follows. The Remote Worker shall be bound by the terms and conditions relating to maintaining confidentiality of all information concerning the Company.

Please acknowledge by 14 Jul 2026.

----- EMAIL 2026-07-07T11:21:50.392511 -----
To: manager@bank.lk
Subject: New Circular 04/2024: RELIEF MEASURES TO ASSIST THE AFFECTED SMALL AND MEDIUM ENTERPRISES

Dear Compliance Manager,

A new circular has been published.

Summary:
Sri Lanka Banks’ Association (Guarantee) Ltd. (SLBA) has agreed that the relief measures in paragraph 1 below will be provided by the licensed commercial banks and licensed specialised banks. Relief measures will apply only to the credit facilities of SME borrowers of licensed banks that meet the following criteria and, in this regard, licensed banks will engage with the eligible borrowers. CENTRAL BANK of SRI LANKA 19 December 2024 CIRCULAR No. 04 of 2024 13 1.4 (bo) | Commencing of repayment of the rescheduled loans by eligible SMe borrowers where an aggregate capital outstanding of credit facilities as at 15.12.2024 is below Rs. 25 Mn, not later than 31.03.2025. 1.2. Reschedulement of impaired loans with eligible SME. borrowers identified in paragraph1.1 above, considering the repayment capacity of the borrower and. submission of an acceptable business revival plan, as given below. (a) Entering into rescheduler agreements with eligibleSME borrowers. (b) SMEs that commenced discussions on business revival with the Business Revival Units of the respective banks by 31. 03.20 25, subject to submission of all necessary documents. (c) Commencing. of repayment by SMEs where aggregate capital outlay of credit. facilities is between Rs.25 Mn - Rs.50 Mn. (d) Committing of repayment to the SME borrower where the aggregate capital. outstanding of. credit facilities is below £1,000, and the repayment date is between 30.09.20 and 30.06. 2025.

The Central Bank of Sri Lanka has waived off the unpaid interest (excluding capitalised interest) applicable to the period between 01.04.2019 and 15.12.2024 on the credit facilities of eligible SME borrowers. Licensed banks may consider further reliefs, including granting of working capital facilities to eligible borrowers subject to repayment capacity and submission of credible business revival plans, on a case-by-case basis. The Circular was issued on 19 December 2024 and comes into force on 1 January 2024. The circular was issued by Dr. P Nandalal Weerasinghe, Chairman of the Governing Board and Governor of the Central Bank. It was also issued by the Sri Lankan government and is available online at www.sri-lanka.gov. Sri Lanka is a member of the Asian Development Bank and the International Monetary Fund (IMF). The Central Bank is the largest lender of credit to the Sri Lanka economy. It is also the largest bank in the island nation, with a market value of over Rs. 1.2 trillion. It has a market share of more than 40%. It is one of the largest banks in Sri Lanka. It also has the largest market share in the world, with more than 80% of its market share coming from outside the country. The central bank is the biggest lender in the country, followed by Sri Lanka’s second largest bank, Sri Lanka Lanka Lanka Bank. Its market share is less than 10%. It has the highest market share among all banks in the nation, and the lowest market share amongst Sri Lankans. The number of licensed banks is more than 30.

Please acknowledge by 14 Jul 2026.

----- EMAIL 2026-07-07T11:21:50.409625 -----
To: tharindu@bank.lk
Subject: New Circular 04/2024: RELIEF MEASURES TO ASSIST THE AFFECTED SMALL AND MEDIUM ENTERPRISES

Dear Tharindu Perera,

A new circular has been published.

Summary:
Sri Lanka Banks’ Association (Guarantee) Ltd. (SLBA) has agreed that the relief measures in paragraph 1 below will be provided by the licensed commercial banks and licensed specialised banks. Relief measures will apply only to the credit facilities of SME borrowers of licensed banks that meet the following criteria and, in this regard, licensed banks will engage with the eligible borrowers. CENTRAL BANK of SRI LANKA 19 December 2024 CIRCULAR No. 04 of 2024 13 1.4 (bo) | Commencing of repayment of the rescheduled loans by eligible SMe borrowers where an aggregate capital outstanding of credit facilities as at 15.12.2024 is below Rs. 25 Mn, not later than 31.03.2025. 1.2. Reschedulement of impaired loans with eligible SME. borrowers identified in paragraph1.1 above, considering the repayment capacity of the borrower and. submission of an acceptable business revival plan, as given below. (a) Entering into rescheduler agreements with eligibleSME borrowers. (b) SMEs that commenced discussions on business revival with the Business Revival Units of the respective banks by 31. 03.20 25, subject to submission of all necessary documents. (c) Commencing. of repayment by SMEs where aggregate capital outlay of credit. facilities is between Rs.25 Mn - Rs.50 Mn. (d) Committing of repayment to the SME borrower where the aggregate capital. outstanding of. credit facilities is below £1,000, and the repayment date is between 30.09.20 and 30.06. 2025.

The Central Bank of Sri Lanka has waived off the unpaid interest (excluding capitalised interest) applicable to the period between 01.04.2019 and 15.12.2024 on the credit facilities of eligible SME borrowers. Licensed banks may consider further reliefs, including granting of working capital facilities to eligible borrowers subject to repayment capacity and submission of credible business revival plans, on a case-by-case basis. The Circular was issued on 19 December 2024 and comes into force on 1 January 2024. The circular was issued by Dr. P Nandalal Weerasinghe, Chairman of the Governing Board and Governor of the Central Bank. It was also issued by the Sri Lankan government and is available online at www.sri-lanka.gov. Sri Lanka is a member of the Asian Development Bank and the International Monetary Fund (IMF). The Central Bank is the largest lender of credit to the Sri Lanka economy. It is also the largest bank in the island nation, with a market value of over Rs. 1.2 trillion. It has a market share of more than 40%. It is one of the largest banks in Sri Lanka. It also has the largest market share in the world, with more than 80% of its market share coming from outside the country. The central bank is the biggest lender in the country, followed by Sri Lanka’s second largest bank, Sri Lanka Lanka Lanka Bank. Its market share is less than 10%. It has the highest market share among all banks in the nation, and the lowest market share amongst Sri Lankans. The number of licensed banks is more than 30.

Please acknowledge by 14 Jul 2026.

----- EMAIL 2026-07-07T11:45:39.844791 -----
To: manager@bank.lk
Subject: New Circular 04/2024: RELIEF MEASURES TO ASSIST THE AFFECTED SMALL AND MEDIUM ENTERPRISES

Dear Compliance Manager,

A new circular has been published.

Summary:
Sri Lanka Banks’ Association (Guarantee) Ltd. (SLBA) has agreed that the relief measures in paragraph 1 below will be provided by the licensed commercial banks and licensed specialised banks. Relief measures will apply only to the credit facilities of SME borrowers of licensed banks that meet the following criteria and, in this regard, licensed banks will engage with the eligible borrowers. CENTRAL BANK of SRI LANKA 19 December 2024 CIRCULAR No. 04 of 2024 13 1.4 (bo) | Commencing of repayment of the rescheduled loans by eligible SMe borrowers where an aggregate capital outstanding of credit facilities as at 15.12.2024 is below Rs. 25 Mn, not later than 31.03.2025. 1.2. Reschedulement of impaired loans with eligible SME. borrowers identified in paragraph1.1 above, considering the repayment capacity of the borrower and. submission of an acceptable business revival plan, as given below. (a) Entering into rescheduler agreements with eligibleSME borrowers. (b) SMEs that commenced discussions on business revival with the Business Revival Units of the respective banks by 31. 03.20 25, subject to submission of all necessary documents. (c) Commencing. of repayment by SMEs where aggregate capital outlay of credit. facilities is between Rs.25 Mn - Rs.50 Mn. (d) Committing of repayment to the SME borrower where the aggregate capital. outstanding of. credit facilities is below £1,000, and the repayment date is between 30.09.20 and 30.06. 2025.

The Central Bank of Sri Lanka has waived off the unpaid interest (excluding capitalised interest) applicable to the period between 01.04.2019 and 15.12.2024 on the credit facilities of eligible SME borrowers. Licensed banks may consider further reliefs, including granting of working capital facilities to eligible borrowers subject to repayment capacity and submission of credible business revival plans, on a case-by-case basis. The Circular was issued on 19 December 2024 and comes into force on 1 January 2024. The circular was issued by Dr. P Nandalal Weerasinghe, Chairman of the Governing Board and Governor of the Central Bank. It was also issued by the Sri Lankan government and is available online at www.sri-lanka.gov. Sri Lanka is a member of the Asian Development Bank and the International Monetary Fund (IMF). The Central Bank is the largest lender of credit to the Sri Lanka economy. It is also the largest bank in the island nation, with a market value of over Rs. 1.2 trillion. It has a market share of more than 40%. It is one of the largest banks in Sri Lanka. It also has the largest market share in the world, with more than 80% of its market share coming from outside the country. The central bank is the biggest lender in the country, followed by Sri Lanka’s second largest bank, Sri Lanka Lanka Lanka Bank. Its market share is less than 10%. It has the highest market share among all banks in the nation, and the lowest market share amongst Sri Lankans. The number of licensed banks is more than 30.

Please acknowledge by 14 Jul 2026.

----- EMAIL 2026-07-07T11:45:39.861678 -----
To: tharindu@bank.lk
Subject: New Circular 04/2024: RELIEF MEASURES TO ASSIST THE AFFECTED SMALL AND MEDIUM ENTERPRISES

Dear Tharindu Perera,

A new circular has been published.

Summary:
Sri Lanka Banks’ Association (Guarantee) Ltd. (SLBA) has agreed that the relief measures in paragraph 1 below will be provided by the licensed commercial banks and licensed specialised banks. Relief measures will apply only to the credit facilities of SME borrowers of licensed banks that meet the following criteria and, in this regard, licensed banks will engage with the eligible borrowers. CENTRAL BANK of SRI LANKA 19 December 2024 CIRCULAR No. 04 of 2024 13 1.4 (bo) | Commencing of repayment of the rescheduled loans by eligible SMe borrowers where an aggregate capital outstanding of credit facilities as at 15.12.2024 is below Rs. 25 Mn, not later than 31.03.2025. 1.2. Reschedulement of impaired loans with eligible SME. borrowers identified in paragraph1.1 above, considering the repayment capacity of the borrower and. submission of an acceptable business revival plan, as given below. (a) Entering into rescheduler agreements with eligibleSME borrowers. (b) SMEs that commenced discussions on business revival with the Business Revival Units of the respective banks by 31. 03.20 25, subject to submission of all necessary documents. (c) Commencing. of repayment by SMEs where aggregate capital outlay of credit. facilities is between Rs.25 Mn - Rs.50 Mn. (d) Committing of repayment to the SME borrower where the aggregate capital. outstanding of. credit facilities is below £1,000, and the repayment date is between 30.09.20 and 30.06. 2025.

The Central Bank of Sri Lanka has waived off the unpaid interest (excluding capitalised interest) applicable to the period between 01.04.2019 and 15.12.2024 on the credit facilities of eligible SME borrowers. Licensed banks may consider further reliefs, including granting of working capital facilities to eligible borrowers subject to repayment capacity and submission of credible business revival plans, on a case-by-case basis. The Circular was issued on 19 December 2024 and comes into force on 1 January 2024. The circular was issued by Dr. P Nandalal Weerasinghe, Chairman of the Governing Board and Governor of the Central Bank. It was also issued by the Sri Lankan government and is available online at www.sri-lanka.gov. Sri Lanka is a member of the Asian Development Bank and the International Monetary Fund (IMF). The Central Bank is the largest lender of credit to the Sri Lanka economy. It is also the largest bank in the island nation, with a market value of over Rs. 1.2 trillion. It has a market share of more than 40%. It is one of the largest banks in Sri Lanka. It also has the largest market share in the world, with more than 80% of its market share coming from outside the country. The central bank is the biggest lender in the country, followed by Sri Lanka’s second largest bank, Sri Lanka Lanka Lanka Bank. Its market share is less than 10%. It has the highest market share among all banks in the nation, and the lowest market share amongst Sri Lankans. The number of licensed banks is more than 30.

Please acknowledge by 14 Jul 2026.

----- EMAIL 2026-07-07T11:48:54.524878 -----
To: manager@bank.lk
Subject: New Circular 01/2025: RELIEF MEASURES TO ASSIST THE AFFECTED SMALL AND MEDIUM ENTERPRISES

Dear Compliance Manager,

A new circular has been published.

Summary:
licensed banks may reschedule the credit facilities of eligible borrowers for a maximum period up to ten years. Licensed banks shall establish a Relief Banking Unit for the purpose of extending and monitoring the relief measures under the cited Circular for the effective implementation of such relief measures. The existing Business Revival Units established under Circular No. 02 of 2024 on Guidelines for the Establishment of Business Revival units in Licensed Banks, will continue for the intended purpose thereof. The banks are requested to establish a transparent grievance-handling mechanism with respect to any dispute that may arise between the bank and the borrower on the valuation of auctioned properties. [Limited Sharing]# Bank Name Annexure A Reporting as at Total Amount Considered for Rescheduling (Rs. 000s) Tenor of the Rescheduled Loan Applicable Interest Rate on Reschedule Loan (%) Agreed Date of Commencement of Repayment (DD/MM/YYYY) Has the Repayments Commenced (Yes/No) Outstanding Charges or Fees as at the Date of Reschedul ed Loan ( Rs. '000s) Charges or fees Waived off by the banks on rescheduling by the Banks on reschuling ( Rs.-'000s). Reschedules Loan for the Capital Reschedilled Loan forThe Interest If Reschediled Serial No. 04 of 2024 from 15.12.2024 to the Reporting Date Date of Classifying to Stage 3 (DD-MM/yy YY) Facility Number Borrower Name Amount Outstanding as at 15. 12. 2024. If Rejected, Reasons for Rejection Interest (Rs-'000's)

Please acknowledge by 14 Jul 2026.

----- EMAIL 2026-07-07T11:48:54.539086 -----
To: employee@bank.lk
Subject: New Circular 01/2025: RELIEF MEASURES TO ASSIST THE AFFECTED SMALL AND MEDIUM ENTERPRISES

Dear Branch Employee,

A new circular has been published.

Summary:
licensed banks may reschedule the credit facilities of eligible borrowers for a maximum period up to ten years. Licensed banks shall establish a Relief Banking Unit for the purpose of extending and monitoring the relief measures under the cited Circular for the effective implementation of such relief measures. The existing Business Revival Units established under Circular No. 02 of 2024 on Guidelines for the Establishment of Business Revival units in Licensed Banks, will continue for the intended purpose thereof. The banks are requested to establish a transparent grievance-handling mechanism with respect to any dispute that may arise between the bank and the borrower on the valuation of auctioned properties. [Limited Sharing]# Bank Name Annexure A Reporting as at Total Amount Considered for Rescheduling (Rs. 000s) Tenor of the Rescheduled Loan Applicable Interest Rate on Reschedule Loan (%) Agreed Date of Commencement of Repayment (DD/MM/YYYY) Has the Repayments Commenced (Yes/No) Outstanding Charges or Fees as at the Date of Reschedul ed Loan ( Rs. '000s) Charges or fees Waived off by the banks on rescheduling by the Banks on reschuling ( Rs.-'000s). Reschedules Loan for the Capital Reschedilled Loan forThe Interest If Reschediled Serial No. 04 of 2024 from 15.12.2024 to the Reporting Date Date of Classifying to Stage 3 (DD-MM/yy YY) Facility Number Borrower Name Amount Outstanding as at 15. 12. 2024. If Rejected, Reasons for Rejection Interest (Rs-'000's)

Please acknowledge by 14 Jul 2026.

----- EMAIL 2026-07-07T11:48:54.550307 -----
To: tharindu@bank.lk
Subject: New Circular 01/2025: RELIEF MEASURES TO ASSIST THE AFFECTED SMALL AND MEDIUM ENTERPRISES

Dear Tharindu Perera,

A new circular has been published.

Summary:
licensed banks may reschedule the credit facilities of eligible borrowers for a maximum period up to ten years. Licensed banks shall establish a Relief Banking Unit for the purpose of extending and monitoring the relief measures under the cited Circular for the effective implementation of such relief measures. The existing Business Revival Units established under Circular No. 02 of 2024 on Guidelines for the Establishment of Business Revival units in Licensed Banks, will continue for the intended purpose thereof. The banks are requested to establish a transparent grievance-handling mechanism with respect to any dispute that may arise between the bank and the borrower on the valuation of auctioned properties. [Limited Sharing]# Bank Name Annexure A Reporting as at Total Amount Considered for Rescheduling (Rs. 000s) Tenor of the Rescheduled Loan Applicable Interest Rate on Reschedule Loan (%) Agreed Date of Commencement of Repayment (DD/MM/YYYY) Has the Repayments Commenced (Yes/No) Outstanding Charges or Fees as at the Date of Reschedul ed Loan ( Rs. '000s) Charges or fees Waived off by the banks on rescheduling by the Banks on reschuling ( Rs.-'000s). Reschedules Loan for the Capital Reschedilled Loan forThe Interest If Reschediled Serial No. 04 of 2024 from 15.12.2024 to the Reporting Date Date of Classifying to Stage 3 (DD-MM/yy YY) Facility Number Borrower Name Amount Outstanding as at 15. 12. 2024. If Rejected, Reasons for Rejection Interest (Rs-'000's)

Please acknowledge by 14 Jul 2026.

----- EMAIL 2026-07-07T16:02:12.843019 -----
To: manager@bank.lk
Subject: New Circular 65/2025: Human Resource Policy on Remote Work

Dear Compliance Manager,

A new circular has been published.

Summary:
Overview:
Remote Work may be carried out either at the request of the Management or the prospective Remote Worker on mutual agreement, pursuant to granting of approval by the Management. Remote Workers agree to be accessible and available to be contacted by the management, customers and other relevant stakeholders during the designated working hours as detailed in the Remote Work Agreement. The Remote Worker shall be governed by the Bank's existing Practices, Rules, Procedures or policies and Collective Agreements (as applicable) governing leave. The Bank shall maintain an online database where it allows Remote Workers to record all hours worked, tasks in a manner an update on the work received, completed / attended to during the course of the day. Restricted access or confidential material shall not be taken out of the Primary worksite or accessed from the Remote work location unless approved in advance by the Remote Worker. The remote work location shall be considered as the location of work, to consider for leave, unless agreed otherwise in writing. The EMPLOYEE agrees to use the following items belonging to him/ her for the purposes of the Remotework: laptop, iPad, iPhone, iPad Pro, iPad Mini, Mac, Macbook Pro, Mac OS X and Macbook Air. Remote Worker agrees to be bound by the terms and conditions relating to maintaining confidentiality of all information concerning the businesses of the Company. Remote worker must ensure that all equipment / tools / software supplied by themanagement are exclusively used by him/her and for Remote Work purposes only.

Key Points:
- 4.1.2 A Remote Worker who has been designated by the Management to work remotely shall enter into a Remote Work Agreement (RWA) with the Bank, prior to commencing Remote Work.
- Such Agreement shall detail the terms attached to the remote work to be carried out by the employee, special benefits during remote work (if applicable), the supervision and other responsibilities of the Supervisor / Head of the Department.
- 4.3 Approved Remote Work Location: 4.3.1 The Remote Worker shall be eligible to work remotely from a location, nominated by the Remote Worker or the Management, as applicable, which has been granted prior approval of the Management.

Please acknowledge by 14 Jul 2026.

----- EMAIL 2026-07-07T16:02:12.864017 -----
To: employee@bank.lk
Subject: New Circular 65/2025: Human Resource Policy on Remote Work

Dear Branch Employee,

A new circular has been published.

Summary:
Overview:
Remote Work may be carried out either at the request of the Management or the prospective Remote Worker on mutual agreement, pursuant to granting of approval by the Management. Remote Workers agree to be accessible and available to be contacted by the management, customers and other relevant stakeholders during the designated working hours as detailed in the Remote Work Agreement. The Remote Worker shall be governed by the Bank's existing Practices, Rules, Procedures or policies and Collective Agreements (as applicable) governing leave. The Bank shall maintain an online database where it allows Remote Workers to record all hours worked, tasks in a manner an update on the work received, completed / attended to during the course of the day. Restricted access or confidential material shall not be taken out of the Primary worksite or accessed from the Remote work location unless approved in advance by the Remote Worker. The remote work location shall be considered as the location of work, to consider for leave, unless agreed otherwise in writing. The EMPLOYEE agrees to use the following items belonging to him/ her for the purposes of the Remotework: laptop, iPad, iPhone, iPad Pro, iPad Mini, Mac, Macbook Pro, Mac OS X and Macbook Air. Remote Worker agrees to be bound by the terms and conditions relating to maintaining confidentiality of all information concerning the businesses of the Company. Remote worker must ensure that all equipment / tools / software supplied by themanagement are exclusively used by him/her and for Remote Work purposes only.

Key Points:
- 4.1.2 A Remote Worker who has been designated by the Management to work remotely shall enter into a Remote Work Agreement (RWA) with the Bank, prior to commencing Remote Work.
- Such Agreement shall detail the terms attached to the remote work to be carried out by the employee, special benefits during remote work (if applicable), the supervision and other responsibilities of the Supervisor / Head of the Department.
- 4.3 Approved Remote Work Location: 4.3.1 The Remote Worker shall be eligible to work remotely from a location, nominated by the Remote Worker or the Management, as applicable, which has been granted prior approval of the Management.

Please acknowledge by 14 Jul 2026.

----- EMAIL 2026-07-07T16:02:12.896459 -----
To: tharindu@bank.lk
Subject: New Circular 65/2025: Human Resource Policy on Remote Work

Dear Tharindu Perera,

A new circular has been published.

Summary:
Overview:
Remote Work may be carried out either at the request of the Management or the prospective Remote Worker on mutual agreement, pursuant to granting of approval by the Management. Remote Workers agree to be accessible and available to be contacted by the management, customers and other relevant stakeholders during the designated working hours as detailed in the Remote Work Agreement. The Remote Worker shall be governed by the Bank's existing Practices, Rules, Procedures or policies and Collective Agreements (as applicable) governing leave. The Bank shall maintain an online database where it allows Remote Workers to record all hours worked, tasks in a manner an update on the work received, completed / attended to during the course of the day. Restricted access or confidential material shall not be taken out of the Primary worksite or accessed from the Remote work location unless approved in advance by the Remote Worker. The remote work location shall be considered as the location of work, to consider for leave, unless agreed otherwise in writing. The EMPLOYEE agrees to use the following items belonging to him/ her for the purposes of the Remotework: laptop, iPad, iPhone, iPad Pro, iPad Mini, Mac, Macbook Pro, Mac OS X and Macbook Air. Remote Worker agrees to be bound by the terms and conditions relating to maintaining confidentiality of all information concerning the businesses of the Company. Remote worker must ensure that all equipment / tools / software supplied by themanagement are exclusively used by him/her and for Remote Work purposes only.

Key Points:
- 4.1.2 A Remote Worker who has been designated by the Management to work remotely shall enter into a Remote Work Agreement (RWA) with the Bank, prior to commencing Remote Work.
- Such Agreement shall detail the terms attached to the remote work to be carried out by the employee, special benefits during remote work (if applicable), the supervision and other responsibilities of the Supervisor / Head of the Department.
- 4.3 Approved Remote Work Location: 4.3.1 The Remote Worker shall be eligible to work remotely from a location, nominated by the Remote Worker or the Management, as applicable, which has been granted prior approval of the Management.

Please acknowledge by 14 Jul 2026.

----- EMAIL 2026-07-08T09:30:47.762919 -----
To: manager@bank.lk
Subject: New Circular 65/2025: Human Resource Policy on Remote Work

Dear Compliance Manager,

A new circular has been published.

Summary:
Overview:
Remote Work may be carried out either at the request of the Management or the prospective Remote Worker on mutual agreement, pursuant to granting of approval by the Management. Remote Workers agree to be accessible and available to be contacted by the management, customers and other relevant stakeholders during the designated working hours as detailed in the Remote Work Agreement. The Remote Worker shall be governed by the Bank's existing Practices, Rules, Procedures or policies and Collective Agreements (as applicable) governing leave. The Bank shall maintain an online database where it allows Remote Workers to record all hours worked, tasks in a manner an update on the work received, completed / attended to during the course of the day. Restricted access or confidential material shall not be taken out of the Primary worksite or accessed from the Remote work location unless approved in advance by the Remote Worker. The remote work location shall be considered as the location of work, to consider for leave, unless agreed otherwise in writing. The EMPLOYEE agrees to use the following items belonging to him/ her for the purposes of the Remotework: laptop, iPad, iPhone, iPad Pro, iPad Mini, Mac, Macbook Pro, Mac OS X and Macbook Air. Remote Worker agrees to be bound by the terms and conditions relating to maintaining confidentiality of all information concerning the businesses of the Company. Remote worker must ensure that all equipment / tools / software supplied by themanagement are exclusively used by him/her and for Remote Work purposes only.

Key Points:
- 4.1.2 A Remote Worker who has been designated by the Management to work remotely shall enter into a Remote Work Agreement (RWA) with the Bank, prior to commencing Remote Work.
- Such Agreement shall detail the terms attached to the remote work to be carried out by the employee, special benefits during remote work (if applicable), the supervision and other responsibilities of the Supervisor / Head of the Department.
- 4.3 Approved Remote Work Location: 4.3.1 The Remote Worker shall be eligible to work remotely from a location, nominated by the Remote Worker or the Management, as applicable, which has been granted prior approval of the Management.

Please acknowledge by 15 Jul 2026.

----- EMAIL 2026-07-08T09:30:47.779649 -----
To: employee@bank.lk
Subject: New Circular 65/2025: Human Resource Policy on Remote Work

Dear Branch Employee,

A new circular has been published.

Summary:
Overview:
Remote Work may be carried out either at the request of the Management or the prospective Remote Worker on mutual agreement, pursuant to granting of approval by the Management. Remote Workers agree to be accessible and available to be contacted by the management, customers and other relevant stakeholders during the designated working hours as detailed in the Remote Work Agreement. The Remote Worker shall be governed by the Bank's existing Practices, Rules, Procedures or policies and Collective Agreements (as applicable) governing leave. The Bank shall maintain an online database where it allows Remote Workers to record all hours worked, tasks in a manner an update on the work received, completed / attended to during the course of the day. Restricted access or confidential material shall not be taken out of the Primary worksite or accessed from the Remote work location unless approved in advance by the Remote Worker. The remote work location shall be considered as the location of work, to consider for leave, unless agreed otherwise in writing. The EMPLOYEE agrees to use the following items belonging to him/ her for the purposes of the Remotework: laptop, iPad, iPhone, iPad Pro, iPad Mini, Mac, Macbook Pro, Mac OS X and Macbook Air. Remote Worker agrees to be bound by the terms and conditions relating to maintaining confidentiality of all information concerning the businesses of the Company. Remote worker must ensure that all equipment / tools / software supplied by themanagement are exclusively used by him/her and for Remote Work purposes only.

Key Points:
- 4.1.2 A Remote Worker who has been designated by the Management to work remotely shall enter into a Remote Work Agreement (RWA) with the Bank, prior to commencing Remote Work.
- Such Agreement shall detail the terms attached to the remote work to be carried out by the employee, special benefits during remote work (if applicable), the supervision and other responsibilities of the Supervisor / Head of the Department.
- 4.3 Approved Remote Work Location: 4.3.1 The Remote Worker shall be eligible to work remotely from a location, nominated by the Remote Worker or the Management, as applicable, which has been granted prior approval of the Management.

Please acknowledge by 15 Jul 2026.

----- EMAIL 2026-07-08T09:30:47.795388 -----
To: tharindu@bank.lk
Subject: New Circular 65/2025: Human Resource Policy on Remote Work

Dear Tharindu Perera,

A new circular has been published.

Summary:
Overview:
Remote Work may be carried out either at the request of the Management or the prospective Remote Worker on mutual agreement, pursuant to granting of approval by the Management. Remote Workers agree to be accessible and available to be contacted by the management, customers and other relevant stakeholders during the designated working hours as detailed in the Remote Work Agreement. The Remote Worker shall be governed by the Bank's existing Practices, Rules, Procedures or policies and Collective Agreements (as applicable) governing leave. The Bank shall maintain an online database where it allows Remote Workers to record all hours worked, tasks in a manner an update on the work received, completed / attended to during the course of the day. Restricted access or confidential material shall not be taken out of the Primary worksite or accessed from the Remote work location unless approved in advance by the Remote Worker. The remote work location shall be considered as the location of work, to consider for leave, unless agreed otherwise in writing. The EMPLOYEE agrees to use the following items belonging to him/ her for the purposes of the Remotework: laptop, iPad, iPhone, iPad Pro, iPad Mini, Mac, Macbook Pro, Mac OS X and Macbook Air. Remote Worker agrees to be bound by the terms and conditions relating to maintaining confidentiality of all information concerning the businesses of the Company. Remote worker must ensure that all equipment / tools / software supplied by themanagement are exclusively used by him/her and for Remote Work purposes only.

Key Points:
- 4.1.2 A Remote Worker who has been designated by the Management to work remotely shall enter into a Remote Work Agreement (RWA) with the Bank, prior to commencing Remote Work.
- Such Agreement shall detail the terms attached to the remote work to be carried out by the employee, special benefits during remote work (if applicable), the supervision and other responsibilities of the Supervisor / Head of the Department.
- 4.3 Approved Remote Work Location: 4.3.1 The Remote Worker shall be eligible to work remotely from a location, nominated by the Remote Worker or the Management, as applicable, which has been granted prior approval of the Management.

Please acknowledge by 15 Jul 2026.

----- EMAIL 2026-07-08T09:40:21.586473 -----
To: employee@bank.lk
Subject: New Circular 65/2025: Human Resource Policy on Remote Work

Dear Branch Employee,

A new circular has been published.

Summary:
Overview:
Remote Work may be carried out either at the request of the Management or the prospective Remote Worker on mutual agreement, pursuant to granting of approval by the Management. Remote Workers agree to be accessible and available to be contacted by the management, customers and other relevant stakeholders during the designated working hours as detailed in the Remote Work Agreement. The Remote Worker shall be governed by the Bank's existing Practices, Rules, Procedures or policies and Collective Agreements (as applicable) governing leave. The Bank shall maintain an online database where it allows Remote Workers to record all hours worked, tasks in a manner an update on the work received, completed / attended to during the course of the day. Restricted access or confidential material shall not be taken out of the Primary worksite or accessed from the Remote work location unless approved in advance by the Remote Worker. The remote work location shall be considered as the location of work, to consider for leave, unless agreed otherwise in writing. The EMPLOYEE agrees to use the following items belonging to him/ her for the purposes of the Remotework: laptop, iPad, iPhone, iPad Pro, iPad Mini, Mac, Macbook Pro, Mac OS X and Macbook Air. Remote Worker agrees to be bound by the terms and conditions relating to maintaining confidentiality of all information concerning the businesses of the Company. Remote worker must ensure that all equipment / tools / software supplied by themanagement are exclusively used by him/her and for Remote Work purposes only.

Key Points:
- 4.1.2 A Remote Worker who has been designated by the Management to work remotely shall enter into a Remote Work Agreement (RWA) with the Bank, prior to commencing Remote Work.
- Such Agreement shall detail the terms attached to the remote work to be carried out by the employee, special benefits during remote work (if applicable), the supervision and other responsibilities of the Supervisor / Head of the Department.
- 4.3 Approved Remote Work Location: 4.3.1 The Remote Worker shall be eligible to work remotely from a location, nominated by the Remote Worker or the Management, as applicable, which has been granted prior approval of the Management.

Please acknowledge by 15 Jul 2026.

----- EMAIL 2026-07-11T11:14:33.176323 -----
To: manager@bank.lk
Subject: New Circular 65/2025: Human Resource Policy on Remote Work

Dear Compliance Manager,

A new circular has been published.

Summary:
Overview:
The Bank of Ceylon has introduced a revised Human Resource Policy on Remote Work, which aims to ensure that employees can work efficiently and effectively from remote locations. The policy is applicable to all eligible employees and outlines guidelines and procedures for remote work arrangements. Employees are required to adhere to the policy's terms and conditions, which include standards for remote work locations, equipment, tools, software, and confidentiality.
Key Points:
- All employees of the Bank must adhere to the Human Resource Policy on Remote Work with regard to their official duties and responsibilities.
- A Remote Worker is defined as an Employee who works from any location other than his/her normal designated location at any given time.
- The purpose of the HR Policy on Remote Work is to outline how the Bank will handle employees working remotely, either from home or other locations outside the office.
- Remote Workers must enter into a Remote Work Agreement (RWA) with the Bank prior to commencing remote work.
- The Management reserves the sole discretion to approve or refuse an application for Remote Work Facility.
- Remote Workers are required to report to work on the allocated shift starting time or the working time as agreed under the terms of the Remote Work Agreement.
- Remote Workers must be bound by all policies, procedures, rules and regulations of the Bank at all times, unless specifically exempted in writing.
- The Management will accept no responsibility for damage or repairs to Remote worker-owned equipment.
- Remote Workers are required to clock in and clock out remotely through a prescribed method recommended or created by the Management from time to time to mark their attendance when working remotely.
- Failure to enter attendance will be considered as unauthorized absence except in a situation where the Remote Worker is on approved leave.
- The Bank's liability shall be limited to injuries occurred in the course of or arising out of remote work carried out within the working hours at the Remote Work Location.
- Remote Workers must ensure that all equipment/tools/software supplied for Remote Working by the Management are exclusively used by the Remote Worker and for Remote Work purposes only.
- Remote Workers must report any work-related injury to their supervisor and the Head of the Department immediately.
- The employee must inform his/her immediate family of the requirements of the Remote Work Policy to avoid any interruption while working from home.
- The employee shall be entitled to commence Remote Work upon obtaining approval for the Remote Workstation by the Remote Work Administrator.
- The standards to be maintained by the 'Approved Remote Work Location' shall be as follows:
	+ Workspace Safety: Workspace is clean and orderly, and in an environment that allows for optimal productivity; Workspace is supplied with necessary workstation equipment, and related materials; Workspace is free from indoor air quality problems and has adequate ventilation; Working environment is designed to minimize hazards, and set-up with safety in mind; Workspace is located in a quiet and distraction-free environment.
	+ Electrical: Sufficient electrical outlets are accessible; All outlets are covered and in working order (Caution: Do not overload outlets; make sure they can handle the load; if necessary, call your electrician to verify outlet electrical circuit capacity); Equipment is fitted with grounding adapters, surge protectors, and overload fuses; All grounding adapters and power strips/surge protectors that are being used are functional; Equipment is placed close to electrical outlets; Electrical cords/wires are placed so that there are no tripping hazards; Electrical cords exhibit no evidence of fraying.
	+ Fire Safety: There is a working smoke detector in the workspace and batteries or power supply will be checked regularly; A home multi-purpose, fully charged fire extinguisher, which you know how to use, is readily available; You have an evacuation plan so you know what to do in the event of a fire; Exits allow for prompt evacuation.
	+ Workspace Illumination: Lighting is optimal for user, taking natural light into account; If lighting and/or window placement creates problems, the Remote Worker is responsible for adjusting work station as needed; A clear photograph of the workspace illumination is attached.
- The employee shall be bound by Bank's Code of Conduct, Policies, Procedure, Rules and Regulations. It is the responsibility of the employee to be updated of all such Policies, Procedures etc. If in doubt of any provisions applicable to the employee, the employee shall contact …………… for clarifications.
- The Management will accept no responsibility for damage or repairs to Remote worker-owned equipment.
- Remote Workers are required to use authorized methods of communication as detailed in the Remote

Please acknowledge by 18 Jul 2026.

----- EMAIL 2026-07-11T11:14:33.190529 -----
To: employee@bank.lk
Subject: New Circular 65/2025: Human Resource Policy on Remote Work

Dear Branch Employee,

A new circular has been published.

Summary:
Overview:
The Bank of Ceylon has introduced a revised Human Resource Policy on Remote Work, which aims to ensure that employees can work efficiently and effectively from remote locations. The policy is applicable to all eligible employees and outlines guidelines and procedures for remote work arrangements. Employees are required to adhere to the policy's terms and conditions, which include standards for remote work locations, equipment, tools, software, and confidentiality.
Key Points:
- All employees of the Bank must adhere to the Human Resource Policy on Remote Work with regard to their official duties and responsibilities.
- A Remote Worker is defined as an Employee who works from any location other than his/her normal designated location at any given time.
- The purpose of the HR Policy on Remote Work is to outline how the Bank will handle employees working remotely, either from home or other locations outside the office.
- Remote Workers must enter into a Remote Work Agreement (RWA) with the Bank prior to commencing remote work.
- The Management reserves the sole discretion to approve or refuse an application for Remote Work Facility.
- Remote Workers are required to report to work on the allocated shift starting time or the working time as agreed under the terms of the Remote Work Agreement.
- Remote Workers must be bound by all policies, procedures, rules and regulations of the Bank at all times, unless specifically exempted in writing.
- The Management will accept no responsibility for damage or repairs to Remote worker-owned equipment.
- Remote Workers are required to clock in and clock out remotely through a prescribed method recommended or created by the Management from time to time to mark their attendance when working remotely.
- Failure to enter attendance will be considered as unauthorized absence except in a situation where the Remote Worker is on approved leave.
- The Bank's liability shall be limited to injuries occurred in the course of or arising out of remote work carried out within the working hours at the Remote Work Location.
- Remote Workers must ensure that all equipment/tools/software supplied for Remote Working by the Management are exclusively used by the Remote Worker and for Remote Work purposes only.
- Remote Workers must report any work-related injury to their supervisor and the Head of the Department immediately.
- The employee must inform his/her immediate family of the requirements of the Remote Work Policy to avoid any interruption while working from home.
- The employee shall be entitled to commence Remote Work upon obtaining approval for the Remote Workstation by the Remote Work Administrator.
- The standards to be maintained by the 'Approved Remote Work Location' shall be as follows:
	+ Workspace Safety: Workspace is clean and orderly, and in an environment that allows for optimal productivity; Workspace is supplied with necessary workstation equipment, and related materials; Workspace is free from indoor air quality problems and has adequate ventilation; Working environment is designed to minimize hazards, and set-up with safety in mind; Workspace is located in a quiet and distraction-free environment.
	+ Electrical: Sufficient electrical outlets are accessible; All outlets are covered and in working order (Caution: Do not overload outlets; make sure they can handle the load; if necessary, call your electrician to verify outlet electrical circuit capacity); Equipment is fitted with grounding adapters, surge protectors, and overload fuses; All grounding adapters and power strips/surge protectors that are being used are functional; Equipment is placed close to electrical outlets; Electrical cords/wires are placed so that there are no tripping hazards; Electrical cords exhibit no evidence of fraying.
	+ Fire Safety: There is a working smoke detector in the workspace and batteries or power supply will be checked regularly; A home multi-purpose, fully charged fire extinguisher, which you know how to use, is readily available; You have an evacuation plan so you know what to do in the event of a fire; Exits allow for prompt evacuation.
	+ Workspace Illumination: Lighting is optimal for user, taking natural light into account; If lighting and/or window placement creates problems, the Remote Worker is responsible for adjusting work station as needed; A clear photograph of the workspace illumination is attached.
- The employee shall be bound by Bank's Code of Conduct, Policies, Procedure, Rules and Regulations. It is the responsibility of the employee to be updated of all such Policies, Procedures etc. If in doubt of any provisions applicable to the employee, the employee shall contact …………… for clarifications.
- The Management will accept no responsibility for damage or repairs to Remote worker-owned equipment.
- Remote Workers are required to use authorized methods of communication as detailed in the Remote

Please acknowledge by 18 Jul 2026.

----- EMAIL 2026-07-11T11:14:33.193435 -----
To: tharindu@bank.lk
Subject: New Circular 65/2025: Human Resource Policy on Remote Work

Dear Tharindu Perera,

A new circular has been published.

Summary:
Overview:
The Bank of Ceylon has introduced a revised Human Resource Policy on Remote Work, which aims to ensure that employees can work efficiently and effectively from remote locations. The policy is applicable to all eligible employees and outlines guidelines and procedures for remote work arrangements. Employees are required to adhere to the policy's terms and conditions, which include standards for remote work locations, equipment, tools, software, and confidentiality.
Key Points:
- All employees of the Bank must adhere to the Human Resource Policy on Remote Work with regard to their official duties and responsibilities.
- A Remote Worker is defined as an Employee who works from any location other than his/her normal designated location at any given time.
- The purpose of the HR Policy on Remote Work is to outline how the Bank will handle employees working remotely, either from home or other locations outside the office.
- Remote Workers must enter into a Remote Work Agreement (RWA) with the Bank prior to commencing remote work.
- The Management reserves the sole discretion to approve or refuse an application for Remote Work Facility.
- Remote Workers are required to report to work on the allocated shift starting time or the working time as agreed under the terms of the Remote Work Agreement.
- Remote Workers must be bound by all policies, procedures, rules and regulations of the Bank at all times, unless specifically exempted in writing.
- The Management will accept no responsibility for damage or repairs to Remote worker-owned equipment.
- Remote Workers are required to clock in and clock out remotely through a prescribed method recommended or created by the Management from time to time to mark their attendance when working remotely.
- Failure to enter attendance will be considered as unauthorized absence except in a situation where the Remote Worker is on approved leave.
- The Bank's liability shall be limited to injuries occurred in the course of or arising out of remote work carried out within the working hours at the Remote Work Location.
- Remote Workers must ensure that all equipment/tools/software supplied for Remote Working by the Management are exclusively used by the Remote Worker and for Remote Work purposes only.
- Remote Workers must report any work-related injury to their supervisor and the Head of the Department immediately.
- The employee must inform his/her immediate family of the requirements of the Remote Work Policy to avoid any interruption while working from home.
- The employee shall be entitled to commence Remote Work upon obtaining approval for the Remote Workstation by the Remote Work Administrator.
- The standards to be maintained by the 'Approved Remote Work Location' shall be as follows:
	+ Workspace Safety: Workspace is clean and orderly, and in an environment that allows for optimal productivity; Workspace is supplied with necessary workstation equipment, and related materials; Workspace is free from indoor air quality problems and has adequate ventilation; Working environment is designed to minimize hazards, and set-up with safety in mind; Workspace is located in a quiet and distraction-free environment.
	+ Electrical: Sufficient electrical outlets are accessible; All outlets are covered and in working order (Caution: Do not overload outlets; make sure they can handle the load; if necessary, call your electrician to verify outlet electrical circuit capacity); Equipment is fitted with grounding adapters, surge protectors, and overload fuses; All grounding adapters and power strips/surge protectors that are being used are functional; Equipment is placed close to electrical outlets; Electrical cords/wires are placed so that there are no tripping hazards; Electrical cords exhibit no evidence of fraying.
	+ Fire Safety: There is a working smoke detector in the workspace and batteries or power supply will be checked regularly; A home multi-purpose, fully charged fire extinguisher, which you know how to use, is readily available; You have an evacuation plan so you know what to do in the event of a fire; Exits allow for prompt evacuation.
	+ Workspace Illumination: Lighting is optimal for user, taking natural light into account; If lighting and/or window placement creates problems, the Remote Worker is responsible for adjusting work station as needed; A clear photograph of the workspace illumination is attached.
- The employee shall be bound by Bank's Code of Conduct, Policies, Procedure, Rules and Regulations. It is the responsibility of the employee to be updated of all such Policies, Procedures etc. If in doubt of any provisions applicable to the employee, the employee shall contact …………… for clarifications.
- The Management will accept no responsibility for damage or repairs to Remote worker-owned equipment.
- Remote Workers are required to use authorized methods of communication as detailed in the Remote

Please acknowledge by 18 Jul 2026.
